<?xml version="1.0" encoding="UTF-8"?>
<testng-results skipped="0" failed="0" total="2" passed="2">
  <reporter-output>
  </reporter-output>
  <suite name="Default suite" duration-ms="26522" started-at="2018-03-20T22:17:25Z" finished-at="2018-03-20T22:17:52Z">
    <groups>
    </groups>
    <test name="Default test" duration-ms="26522" started-at="2018-03-20T22:17:25Z" finished-at="2018-03-20T22:17:52Z">
      <class name="com.servicenow.demo.TestMain">
        <test-method status="PASS" signature="setup()[pri:0, instance:com.servicenow.demo.TestMain@101b7af]" name="setup" is-config="true" duration-ms="6564" started-at="2018-03-20T23:17:25Z" finished-at="2018-03-20T23:17:32Z">
          <reporter-output>
          </reporter-output>
        </test-method> <!-- setup -->
        <test-method status="PASS" signature="login()[pri:0, instance:com.servicenow.demo.TestMain@101b7af]" name="login" duration-ms="3858" started-at="2018-03-20T23:17:32Z" finished-at="2018-03-20T23:17:36Z">
          <reporter-output>
          </reporter-output>
        </test-method> <!-- login -->
        <test-method status="PASS" signature="login_succesfull()[pri:0, instance:com.servicenow.demo.TestMain@101b7af]" name="login_succesfull" duration-ms="11074" started-at="2018-03-20T23:17:36Z" finished-at="2018-03-20T23:17:47Z">
          <reporter-output>
          </reporter-output>
        </test-method> <!-- login_succesfull -->
        <test-method status="PASS" signature="generateMail()[pri:0, instance:com.servicenow.demo.TestMain@101b7af]" name="generateMail" is-config="true" duration-ms="4997" started-at="2018-03-20T23:17:47Z" finished-at="2018-03-20T23:17:52Z">
          <reporter-output>
          </reporter-output>
        </test-method> <!-- generateMail -->
      </class> <!-- com.servicenow.demo.TestMain -->
    </test> <!-- Default test -->
  </suite> <!-- Default suite -->
</testng-results>
